<?xml version="1.0" encoding="UTF-8"?>
<testsuites name="Mocha Tests" time="6.618" tests="3" failures="0">
  <testsuite name="Root Suite" timestamp="2021-03-22T23:02:53" tests="0" file="cypress/integration/1/pizzas.spec.js" failures="0" time="0">
  </testsuite>
  <testsuite name="Pizza" timestamp="2021-03-22T23:02:53" tests="3" failures="0" time="6.618">
    <testcase name="Pizza should navigate to products when products button is clicked" time="5.945" classname="should navigate to products when products button is clicked">
    </testcase>
    <testcase name="Pizza should load all pizzas" time="0.299" classname="should load all pizzas">
    </testcase>
    <testcase name="Pizza should open each pizza with proper ingredients" time="0.374" classname="should open each pizza with proper ingredients">
    </testcase>
  </testsuite>
</testsuites>