<?xml version="1.0" encoding="UTF-8"?>
<testsuites name="Mocha Tests" time="7.438" tests="3" failures="0">
  <testsuite name="Root Suite" timestamp="2021-03-22T23:02:36" tests="0" file="cypress/integration/1/modify-pizza.spec.js" failures="0" time="0">
  </testsuite>
  <testsuite name="Modify pizza" timestamp="2021-03-22T23:02:36" tests="3" failures="0" time="7.438">
    <testcase name="Modify pizza should remove a topping" time="6.186" classname="should remove a topping">
    </testcase>
    <testcase name="Modify pizza should add a topping" time="0.595" classname="should add a topping">
    </testcase>
    <testcase name="Modify pizza can remove and add the same topping" time="0.657" classname="can remove and add the same topping">
    </testcase>
  </testsuite>
</testsuites>